2021-02-25 11:28:12,622 ERROR   org.springframework.boot.diagnostics.LoggingFailureAnalysisReporter - 

***************************
APPLICATION FAILED TO START
***************************

Description:

Field logger in com.example.Controller.JsonController required a bean of type 'org.apache.logging.log4j.Logger' that could not be found.

The injection point has the following annotations:
	- @org.springframework.beans.factory.annotation.Autowired(required=true)


Action:

Consider defining a bean of type 'org.apache.logging.log4j.Logger' in your configuration.

2021-02-25 11:29:41,492 ERROR   org.springframework.boot.diagnostics.LoggingFailureAnalysisReporter - 

***************************
APPLICATION FAILED TO START
***************************

Description:

Field logger in com.example.Controller.JsonController required a bean of type 'org.apache.logging.log4j.Logger' that could not be found.

The injection point has the following annotations:
	- @org.springframework.beans.factory.annotation.Autowired(required=true)


Action:

Consider defining a bean of type 'org.apache.logging.log4j.Logger' in your configuration.

2021-02-25 11:29:41,498 ERROR   org.springframework.test.context.TestContextManager - Caught exception while allowing TestExecutionListener [org.springframework.test.context.web.ServletTestExecutionListener@428bdd72] to prepare test instance [com.example.SpringBootJsonExample.SpringBootJsonExampleApplicationTests@650c405c]
java.lang.IllegalStateException: Failed to load ApplicationContext
	at org.springframework.test.context.cache.DefaultCacheAwareContextLoaderDelegate.loadContext(DefaultCacheAwareContextLoaderDelegate.java:132) ~[spring-test-5.3.3.jar:5.3.3]
	at org.springframework.test.context.support.DefaultTestContext.getApplicationContext(DefaultTestContext.java:124) ~[spring-test-5.3.3.jar:5.3.3]
	at org.springframework.test.context.web.ServletTestExecutionListener.setUpRequestContextIfNecessary(ServletTestExecutionListener.java:190) ~[spring-test-5.3.3.jar:5.3.3]
	at org.springframework.test.context.web.ServletTestExecutionListener.prepareTestInstance(ServletTestExecutionListener.java:132) ~[spring-test-5.3.3.jar:5.3.3]
	at org.springframework.test.context.TestContextManager.prepareTestInstance(TestContextManager.java:244) ~[spring-test-5.3.3.jar:5.3.3]
	at org.springframework.test.context.junit.jupiter.SpringExtension.postProcessTestInstance(SpringExtension.java:138) ~[spring-test-5.3.3.jar:5.3.3]
	at org.junit.jupiter.engine.descriptor.ClassBasedTestDescriptor.lambda$invokeTestInstancePostProcessors$6(ClassBasedTestDescriptor.java:350) ~[junit-jupiter-engine-5.7.0.jar:5.7.0]
	at org.junit.jupiter.engine.descriptor.ClassBasedTestDescriptor.executeAndMaskThrowable(ClassBasedTestDescriptor.java:355) ~[junit-jupiter-engine-5.7.0.jar:5.7.0]
	at org.junit.jupiter.engine.descriptor.ClassBasedTestDescriptor.lambda$invokeTestInstancePostProcessors$7(ClassBasedTestDescriptor.java:350) ~[junit-jupiter-engine-5.7.0.jar:5.7.0]
	at java.util.stream.ReferencePipeline$3$1.accept(ReferencePipeline.java:195) ~[?:?]
	at java.util.stream.ReferencePipeline$2$1.accept(ReferencePipeline.java:177) ~[?:?]
	at java.util.ArrayList$ArrayListSpliterator.forEachRemaining(ArrayList.java:1625) ~[?:?]
	at java.util.stream.AbstractPipeline.copyInto(AbstractPipeline.java:484) ~[?:?]
	at java.util.stream.AbstractPipeline.wrapAndCopyInto(AbstractPipeline.java:474) ~[?:?]
	at java.util.stream.StreamSpliterators$WrappingSpliterator.forEachRemaining(StreamSpliterators.java:312) ~[?:?]
	at java.util.stream.Streams$ConcatSpliterator.forEachRemaining(Streams.java:735) ~[?:?]
	at java.util.stream.Streams$ConcatSpliterator.forEachRemaining(Streams.java:734) ~[?:?]
	at java.util.stream.ReferencePipeline$Head.forEach(ReferencePipeline.java:658) ~[?:?]
	at org.junit.jupiter.engine.descriptor.ClassBasedTestDescriptor.invokeTestInstancePostProcessors(ClassBasedTestDescriptor.java:349) ~[junit-jupiter-engine-5.7.0.jar:5.7.0]
	at org.junit.jupiter.engine.descriptor.ClassBasedTestDescriptor.lambda$instantiateAndPostProcessTestInstance$4(ClassBasedTestDescriptor.java:270) ~[junit-jupiter-engine-5.7.0.jar:5.7.0]
	at org.junit.platform.engine.support.hierarchical.ThrowableCollector.execute(ThrowableCollector.java:73) ~[junit-platform-engine-1.7.0.jar:1.7.0]
	at org.junit.jupiter.engine.descriptor.ClassBasedTestDescriptor.instantiateAndPostProcessTestInstance(ClassBasedTestDescriptor.java:269) ~[junit-jupiter-engine-5.7.0.jar:5.7.0]
	at org.junit.jupiter.engine.descriptor.ClassBasedTestDescriptor.lambda$testInstancesProvider$2(ClassBasedTestDescriptor.java:259) ~[junit-jupiter-engine-5.7.0.jar:5.7.0]
	at java.util.Optional.orElseGet(Optional.java:362) ~[?:?]
	at org.junit.jupiter.engine.descriptor.ClassBasedTestDescriptor.lambda$testInstancesProvider$3(ClassBasedTestDescriptor.java:258) ~[junit-jupiter-engine-5.7.0.jar:5.7.0]
	at org.junit.jupiter.engine.execution.TestInstancesProvider.getTestInstances(TestInstancesProvider.java:31) ~[junit-jupiter-engine-5.7.0.jar:5.7.0]
	at org.junit.jupiter.engine.descriptor.TestMethodTestDescriptor.lambda$prepare$0(TestMethodTestDescriptor.java:101) ~[junit-jupiter-engine-5.7.0.jar:5.7.0]
	at org.junit.platform.engine.support.hierarchical.ThrowableCollector.execute(ThrowableCollector.java:73) ~[junit-platform-engine-1.7.0.jar:1.7.0]
	at org.junit.jupiter.engine.descriptor.TestMethodTestDescriptor.prepare(TestMethodTestDescriptor.java:100) ~[junit-jupiter-engine-5.7.0.jar:5.7.0]
	at org.junit.jupiter.engine.descriptor.TestMethodTestDescriptor.prepare(TestMethodTestDescriptor.java:65) ~[junit-jupiter-engine-5.7.0.jar:5.7.0]
	at org.junit.platform.engine.support.hierarchical.NodeTestTask.lambda$prepare$1(NodeTestTask.java:111) ~[junit-platform-engine-1.7.0.jar:1.7.0]
	at org.junit.platform.engine.support.hierarchical.ThrowableCollector.execute(ThrowableCollector.java:73) ~[junit-platform-engine-1.7.0.jar:1.7.0]
	at org.junit.platform.engine.support.hierarchical.NodeTestTask.prepare(NodeTestTask.java:111) ~[junit-platform-engine-1.7.0.jar:1.7.0]
	at org.junit.platform.engine.support.hierarchical.NodeTestTask.execute(NodeTestTask.java:79) ~[junit-platform-engine-1.7.0.jar:1.7.0]
	at java.util.ArrayList.forEach(ArrayList.java:1511) ~[?:?]
	at org.junit.platform.engine.support.hierarchical.SameThreadHierarchicalTestExecutorService.invokeAll(SameThreadHierarchicalTestExecutorService.java:38) ~[junit-platform-engine-1.7.0.jar:1.7.0]
	at org.junit.platform.engine.support.hierarchical.NodeTestTask.lambda$executeRecursively$5(NodeTestTask.java:143) ~[junit-platform-engine-1.7.0.jar:1.7.0]
	at org.junit.platform.engine.support.hierarchical.ThrowableCollector.execute(ThrowableCollector.java:73) ~[junit-platform-engine-1.7.0.jar:1.7.0]
	at org.junit.platform.engine.support.hierarchical.NodeTestTask.lambda$executeRecursively$7(NodeTestTask.java:129) ~[junit-platform-engine-1.7.0.jar:1.7.0]
	at org.junit.platform.engine.support.hierarchical.Node.around(Node.java:137) ~[junit-platform-engine-1.7.0.jar:1.7.0]
	at org.junit.platform.engine.support.hierarchical.NodeTestTask.lambda$executeRecursively$8(NodeTestTask.java:127) ~[junit-platform-engine-1.7.0.jar:1.7.0]
	at org.junit.platform.engine.support.hierarchical.ThrowableCollector.execute(ThrowableCollector.java:73) ~[junit-platform-engine-1.7.0.jar:1.7.0]
	at org.junit.platform.engine.support.hierarchical.NodeTestTask.executeRecursively(NodeTestTask.java:126) ~[junit-platform-engine-1.7.0.jar:1.7.0]
	at org.junit.platform.engine.support.hierarchical.NodeTestTask.execute(NodeTestTask.java:84) ~[junit-platform-engine-1.7.0.jar:1.7.0]
	at java.util.ArrayList.forEach(ArrayList.java:1511) ~[?:?]
	at org.junit.platform.engine.support.hierarchical.SameThreadHierarchicalTestExecutorService.invokeAll(SameThreadHierarchicalTestExecutorService.java:38) ~[junit-platform-engine-1.7.0.jar:1.7.0]
	at org.junit.platform.engine.support.hierarchical.NodeTestTask.lambda$executeRecursively$5(NodeTestTask.java:143) ~[junit-platform-engine-1.7.0.jar:1.7.0]
	at org.junit.platform.engine.support.hierarchical.ThrowableCollector.execute(ThrowableCollector.java:73) ~[junit-platform-engine-1.7.0.jar:1.7.0]
	at org.junit.platform.engine.support.hierarchical.NodeTestTask.lambda$executeRecursively$7(NodeTestTask.java:129) ~[junit-platform-engine-1.7.0.jar:1.7.0]
	at org.junit.platform.engine.support.hierarchical.Node.around(Node.java:137) ~[junit-platform-engine-1.7.0.jar:1.7.0]
	at org.junit.platform.engine.support.hierarchical.NodeTestTask.lambda$executeRecursively$8(NodeTestTask.java:127) ~[junit-platform-engine-1.7.0.jar:1.7.0]
	at org.junit.platform.engine.support.hierarchical.ThrowableCollector.execute(ThrowableCollector.java:73) ~[junit-platform-engine-1.7.0.jar:1.7.0]
	at org.junit.platform.engine.support.hierarchical.NodeTestTask.executeRecursively(NodeTestTask.java:126) ~[junit-platform-engine-1.7.0.jar:1.7.0]
	at org.junit.platform.engine.support.hierarchical.NodeTestTask.execute(NodeTestTask.java:84) ~[junit-platform-engine-1.7.0.jar:1.7.0]
	at org.junit.platform.engine.support.hierarchical.SameThreadHierarchicalTestExecutorService.submit(SameThreadHierarchicalTestExecutorService.java:32) ~[junit-platform-engine-1.7.0.jar:1.7.0]
	at org.junit.platform.engine.support.hierarchical.HierarchicalTestExecutor.execute(HierarchicalTestExecutor.java:57) ~[junit-platform-engine-1.7.0.jar:1.7.0]
	at org.junit.platform.engine.support.hierarchical.HierarchicalTestEngine.execute(HierarchicalTestEngine.java:51) ~[junit-platform-engine-1.7.0.jar:1.7.0]
	at org.junit.platform.launcher.core.DefaultLauncher.execute(DefaultLauncher.java:220) ~[junit-platform-launcher-1.3.1.jar:1.3.1]
	at org.junit.platform.launcher.core.DefaultLauncher.lambda$execute$6(DefaultLauncher.java:188) ~[junit-platform-launcher-1.3.1.jar:1.3.1]
	at org.junit.platform.launcher.core.DefaultLauncher.withInterceptedStreams(DefaultLauncher.java:202) [junit-platform-launcher-1.3.1.jar:1.3.1]
	at org.junit.platform.launcher.core.DefaultLauncher.execute(DefaultLauncher.java:181) [junit-platform-launcher-1.3.1.jar:1.3.1]
	at org.junit.platform.launcher.core.DefaultLauncher.execute(DefaultLauncher.java:128) [junit-platform-launcher-1.3.1.jar:1.3.1]
	at org.apache.maven.surefire.junitplatform.JUnitPlatformProvider.invokeAllTests(JUnitPlatformProvider.java:150) [surefire-junit-platform-2.22.2.jar:2.22.2]
	at org.apache.maven.surefire.junitplatform.JUnitPlatformProvider.invoke(JUnitPlatformProvider.java:124) [surefire-junit-platform-2.22.2.jar:2.22.2]
	at org.apache.maven.surefire.booter.ForkedBooter.invokeProviderInSameClassLoader(ForkedBooter.java:384) [surefire-booter-2.22.2.jar:2.22.2]
	at org.apache.maven.surefire.booter.ForkedBooter.runSuitesInProcess(ForkedBooter.java:345) [surefire-booter-2.22.2.jar:2.22.2]
	at org.apache.maven.surefire.booter.ForkedBooter.execute(ForkedBooter.java:126) [surefire-booter-2.22.2.jar:2.22.2]
	at org.apache.maven.surefire.booter.ForkedBooter.main(ForkedBooter.java:418) [surefire-booter-2.22.2.jar:2.22.2]
Caused by: org.springframework.beans.factory.UnsatisfiedDependencyException: Error creating bean with name 'jsonController': Unsatisfied dependency expressed through field 'logger'; nested exception is org.springframework.beans.factory.NoSuchBeanDefinitionException: No qualifying bean of type 'org.apache.logging.log4j.Logger' available: expected at least 1 bean which qualifies as autowire candidate. Dependency annotations: {@org.springframework.beans.factory.annotation.Autowired(required=true)}
	at org.springframework.beans.factory.annotation.AutowiredAnnotationBeanPostProcessor$AutowiredFieldElement.inject(AutowiredAnnotationBeanPostProcessor.java:643) ~[spring-beans-5.3.3.jar:5.3.3]
	at org.springframework.beans.factory.annotation.InjectionMetadata.inject(InjectionMetadata.java:119) ~[spring-beans-5.3.3.jar:5.3.3]
	at org.springframework.beans.factory.annotation.AutowiredAnnotationBeanPostProcessor.postProcessProperties(AutowiredAnnotationBeanPostProcessor.java:399) ~[spring-beans-5.3.3.jar:5.3.3]
	at org.springframework.beans.factory.support.AbstractAutowireCapableBeanFactory.populateBean(AbstractAutowireCapableBeanFactory.java:1415) ~[spring-beans-5.3.3.jar:5.3.3]
	at org.springframework.beans.factory.support.AbstractAutowireCapableBeanFactory.doCreateBean(AbstractAutowireCapableBeanFactory.java:608) ~[spring-beans-5.3.3.jar:5.3.3]
	at org.springframework.beans.factory.support.AbstractAutowireCapableBeanFactory.createBean(AbstractAutowireCapableBeanFactory.java:531) ~[spring-beans-5.3.3.jar:5.3.3]
	at org.springframework.beans.factory.support.AbstractBeanFactory.lambda$doGetBean$0(AbstractBeanFactory.java:335) ~[spring-beans-5.3.3.jar:5.3.3]
	at org.springframework.beans.factory.support.DefaultSingletonBeanRegistry.getSingleton(DefaultSingletonBeanRegistry.java:234) ~[spring-beans-5.3.3.jar:5.3.3]
	at org.springframework.beans.factory.support.AbstractBeanFactory.doGetBean(AbstractBeanFactory.java:333) ~[spring-beans-5.3.3.jar:5.3.3]
	at org.springframework.beans.factory.support.AbstractBeanFactory.getBean(AbstractBeanFactory.java:208) ~[spring-beans-5.3.3.jar:5.3.3]
	at org.springframework.beans.factory.support.DefaultListableBeanFactory.preInstantiateSingletons(DefaultListableBeanFactory.java:944) ~[spring-beans-5.3.3.jar:5.3.3]
	at org.springframework.context.support.AbstractApplicationContext.finishBeanFactoryInitialization(AbstractApplicationContext.java:923) ~[spring-context-5.3.3.jar:5.3.3]
	at org.springframework.context.support.AbstractApplicationContext.refresh(AbstractApplicationContext.java:588) ~[spring-context-5.3.3.jar:5.3.3]
	at org.springframework.boot.SpringApplication.refresh(SpringApplication.java:767) ~[spring-boot-2.4.2.jar:2.4.2]
	at org.springframework.boot.SpringApplication.refresh(SpringApplication.java:759) ~[spring-boot-2.4.2.jar:2.4.2]
	at org.springframework.boot.SpringApplication.refreshContext(SpringApplication.java:426) ~[spring-boot-2.4.2.jar:2.4.2]
	at org.springframework.boot.SpringApplication.run(SpringApplication.java:326) ~[spring-boot-2.4.2.jar:2.4.2]
	at org.springframework.boot.test.context.SpringBootContextLoader.loadContext(SpringBootContextLoader.java:123) ~[spring-boot-test-2.4.2.jar:2.4.2]
	at org.springframework.test.context.cache.DefaultCacheAwareContextLoaderDelegate.loadContextInternal(DefaultCacheAwareContextLoaderDelegate.java:99) ~[spring-test-5.3.3.jar:5.3.3]
	at org.springframework.test.context.cache.DefaultCacheAwareContextLoaderDelegate.loadContext(DefaultCacheAwareContextLoaderDelegate.java:124) ~[spring-test-5.3.3.jar:5.3.3]
	... 67 more
Caused by: org.springframework.beans.factory.NoSuchBeanDefinitionException: No qualifying bean of type 'org.apache.logging.log4j.Logger' available: expected at least 1 bean which qualifies as autowire candidate. Dependency annotations: {@org.springframework.beans.factory.annotation.Autowired(required=true)}
	at org.springframework.beans.factory.support.DefaultListableBeanFactory.raiseNoMatchingBeanFound(DefaultListableBeanFactory.java:1790) ~[spring-beans-5.3.3.jar:5.3.3]
	at org.springframework.beans.factory.support.DefaultListableBeanFactory.doResolveDependency(DefaultListableBeanFactory.java:1346) ~[spring-beans-5.3.3.jar:5.3.3]
	at org.springframework.beans.factory.support.DefaultListableBeanFactory.resolveDependency(DefaultListableBeanFactory.java:1300) ~[spring-beans-5.3.3.jar:5.3.3]
	at org.springframework.beans.factory.annotation.AutowiredAnnotationBeanPostProcessor$AutowiredFieldElement.inject(AutowiredAnnotationBeanPostProcessor.java:640) ~[spring-beans-5.3.3.jar:5.3.3]
	at org.springframework.beans.factory.annotation.InjectionMetadata.inject(InjectionMetadata.java:119) ~[spring-beans-5.3.3.jar:5.3.3]
	at org.springframework.beans.factory.annotation.AutowiredAnnotationBeanPostProcessor.postProcessProperties(AutowiredAnnotationBeanPostProcessor.java:399) ~[spring-beans-5.3.3.jar:5.3.3]
	at org.springframework.beans.factory.support.AbstractAutowireCapableBeanFactory.populateBean(AbstractAutowireCapableBeanFactory.java:1415) ~[spring-beans-5.3.3.jar:5.3.3]
	at org.springframework.beans.factory.support.AbstractAutowireCapableBeanFactory.doCreateBean(AbstractAutowireCapableBeanFactory.java:608) ~[spring-beans-5.3.3.jar:5.3.3]
	at org.springframework.beans.factory.support.AbstractAutowireCapableBeanFactory.createBean(AbstractAutowireCapableBeanFactory.java:531) ~[spring-beans-5.3.3.jar:5.3.3]
	at org.springframework.beans.factory.support.AbstractBeanFactory.lambda$doGetBean$0(AbstractBeanFactory.java:335) ~[spring-beans-5.3.3.jar:5.3.3]
	at org.springframework.beans.factory.support.DefaultSingletonBeanRegistry.getSingleton(DefaultSingletonBeanRegistry.java:234) ~[spring-beans-5.3.3.jar:5.3.3]
	at org.springframework.beans.factory.support.AbstractBeanFactory.doGetBean(AbstractBeanFactory.java:333) ~[spring-beans-5.3.3.jar:5.3.3]
	at org.springframework.beans.factory.support.AbstractBeanFactory.getBean(AbstractBeanFactory.java:208) ~[spring-beans-5.3.3.jar:5.3.3]
	at org.springframework.beans.factory.support.DefaultListableBeanFactory.preInstantiateSingletons(DefaultListableBeanFactory.java:944) ~[spring-beans-5.3.3.jar:5.3.3]
	at org.springframework.context.support.AbstractApplicationContext.finishBeanFactoryInitialization(AbstractApplicationContext.java:923) ~[spring-context-5.3.3.jar:5.3.3]
	at org.springframework.context.support.AbstractApplicationContext.refresh(AbstractApplicationContext.java:588) ~[spring-context-5.3.3.jar:5.3.3]
	at org.springframework.boot.SpringApplication.refresh(SpringApplication.java:767) ~[spring-boot-2.4.2.jar:2.4.2]
	at org.springframework.boot.SpringApplication.refresh(SpringApplication.java:759) ~[spring-boot-2.4.2.jar:2.4.2]
	at org.springframework.boot.SpringApplication.refreshContext(SpringApplication.java:426) ~[spring-boot-2.4.2.jar:2.4.2]
	at org.springframework.boot.SpringApplication.run(SpringApplication.java:326) ~[spring-boot-2.4.2.jar:2.4.2]
	at org.springframework.boot.test.context.SpringBootContextLoader.loadContext(SpringBootContextLoader.java:123) ~[spring-boot-test-2.4.2.jar:2.4.2]
	at org.springframework.test.context.cache.DefaultCacheAwareContextLoaderDelegate.loadContextInternal(DefaultCacheAwareContextLoaderDelegate.java:99) ~[spring-test-5.3.3.jar:5.3.3]
	at org.springframework.test.context.cache.DefaultCacheAwareContextLoaderDelegate.loadContext(DefaultCacheAwareContextLoaderDelegate.java:124) ~[spring-test-5.3.3.jar:5.3.3]
	... 67 more
2021-02-25 11:31:22,606 TIVOLI  com.example.utils.LoggerUtil - appId="ARICIPHHANDLER" hostname="LIN79001964" id="{
"PAYMNT_TYPE":"IPH181",
"PAYER_SORT_CODE":"300002",
"PAYER_ACCOUNT_NUMBER":"01992215",
"BENE_SORT_CODE":"151000",
"BENE_ACCOUNT_NUMBER":"22144076",
"PAYER_IBAN":"01992215",
"BENE_IBAN":"22144076",
"SPL_PAYMNT_TYPE":" ",
"PAYMNT_AMOUNT":323773.0,
"PROCESS_CODE":"101010", 
"PMT_ID":"10000000070150302710202201158",
"PAY_TYPE":"C",
"PAYMNT_CURRENCY":"826",
"PAYMNT_SUB_TYPE":"10",
"PAYMNT_SENT_DATE":"2021-01-15",
"TRAN_REF_NO":"100000000701503027",
"SETTLMNT_DATE":"2021-02-15",
"SETTLMNT_CYCLE_ID":"002",
"SUBMITTING_MEMBER":"01000004",
"RECEIVING_MEMBER":"01000006",
"PAYMNT_TIMESTMP":"2021-01-15-16.51.28.806109",
"BENE_CUST_ACCT_NAME":"The Broker Network Limited",
"BENE_REFERENCE_INFO":1042503035,
"EXCHG_RATE":0.0,
"NUMERIC_REFERENCE":0.0,
"ORIG_AMOUNT":0.0,
"ORIG_CURR":" ",
"PAYER_ACCT_NAME":"The Broker Network Limited",
"PAYER_ACCT_ADDRESS":"Devonshire House,4th Floor Mayfair place,London W1J 8AJ",
"PMT_RETN_CODE":" ",
"RETN_PMT_ID":" ",
"PAYER_REFERENCE_INFO":"Duplicates trf",
"BRAND":"RBS",
"BENE_CUSTOMER_ID":["1234567890","1234567891","1234567892","1234567893"],
"TENANT_ID":"N",
"BENE_BANKLINE_CUSTOMER_ID":1,
"BANKID":"BankId",
"edi_business_day":"2021-01-21",
"src_sys_inst_id":"RBS"
}

" level="ERROR" msg="{"PAYMNT_TYPE":"IPH181","PAYER_SORT_CODE":"300002","PAYER_ACCOUNT_NUMBER":"01992215","BENE_SORT_CODE":"151000","BENE_ACCOUNT_NUMBER":"22144076","PAYER_IBAN":"01992215","BENE_IBAN":"22144076","SPL_PAYMNT_TYPE":" ","PAYMNT_AMOUNT":323773.0,"PROCESS_CODE":"101010","PMT_ID":"10000000070150302710202201158","PAY_TYPE":"C","PAYMNT_CURRENCY":"826","PAYMNT_SUB_TYPE":"10","PAYMNT_SENT_DATE":"2021-01-15","TRAN_REF_NO":"100000000701503027","SETTLMNT_DATE":"2021-02-15","SETTLMNT_CYCLE_ID":"002","SUBMITTING_MEMBER":"01000004","RECEIVING_MEMBER":"01000006","PAYMNT_TIMESTMP":"2021-01-15-16.51.28.806109","BENE_CUST_ACCT_NAME":"The Broker Network Limited","BENE_REFERENCE_INFO":1042503035,"EXCHG_RATE":0.0,"NUMERIC_REFERENCE":0.0,"ORIG_AMOUNT":0.0,"ORIG_CURR":" ","PAYER_ACCT_NAME":"The Broker Network Limited","PAYER_ACCT_ADDRESS":"Devonshire House,4th Floor Mayfair place,London W1J 8AJ","PMT_RETN_CODE":" ","RETN_PMT_ID":" ","PAYER_REFERENCE_INFO":"Duplicates trf","BRAND":"RBS","BENE_CUSTOMER_ID":["1234567890","1234567891","1234567892","1234567893"],"TENANT_ID":"N","BENE_BANKLINE_CUSTOMER_ID":1,"BANKID":"BankId","edi_business_day":"2021-01-21","src_sys_inst_id":"RBS"}" source=" "
2021-02-25 11:31:36,265 TIVOLI  com.example.utils.LoggerUtil - appId="ARICIPHHANDLER" hostname="LIN79001964" id="{
"PAYMNT_TYPE":"IPH181",
"PAYER_SORT_CODE":"300002",
"PAYER_ACCOUNT_NUMBER":"01992215",
"BENE_SORT_CODE":"151000",
"BENE_ACCOUNT_NUMBER":"22144076",
"PAYER_IBAN":"01992215",
"BENE_IBAN":"22144076",
"SPL_PAYMNT_TYPE":" ",
"PAYMNT_AMOUNT":323773.0,
"PROCESS_CODE":"101010", 
"PMT_ID":"10000000070150302710202201158",
"PAY_TYPE":"C",
"PAYMNT_CURRENCY":"826",
"PAYMNT_SUB_TYPE":"10",
"PAYMNT_SENT_DATE":"2021-01-15",
"TRAN_REF_NO":"100000000701503027",
"SETTLMNT_DATE":"2021-02-15",
"SETTLMNT_CYCLE_ID":"002",
"SUBMITTING_MEMBER":"01000004",
"RECEIVING_MEMBER":"01000006",

"BENE_CUST_ACCT_NAME":"The Broker Network Limited",
"BENE_REFERENCE_INFO":1042503035,
"EXCHG_RATE":0.0,
"NUMERIC_REFERENCE":0.0,
"ORIG_AMOUNT":0.0,
"ORIG_CURR":" ",
"PAYER_ACCT_NAME":"The Broker Network Limited",
"PAYER_ACCT_ADDRESS":"Devonshire House,4th Floor Mayfair place,London W1J 8AJ",
"PMT_RETN_CODE":" ",
"RETN_PMT_ID":" ",
"PAYER_REFERENCE_INFO":"Duplicates trf",
"BRAND":"RBS",
"BENE_CUSTOMER_ID":["1234567890","1234567891","1234567892","1234567893"],
"TENANT_ID":"N",
"BENE_BANKLINE_CUSTOMER_ID":1,
"BANKID":"BankId",
"edi_business_day":"2021-01-21",
"src_sys_inst_id":"RBS"
}

" level="ERROR" msg="{"PAYMNT_TYPE":"IPH181","PAYER_SORT_CODE":"300002","PAYER_ACCOUNT_NUMBER":"01992215","BENE_SORT_CODE":"151000","BENE_ACCOUNT_NUMBER":"22144076","PAYER_IBAN":"01992215","BENE_IBAN":"22144076","SPL_PAYMNT_TYPE":" ","PAYMNT_AMOUNT":323773.0,"PROCESS_CODE":"101010","PMT_ID":"10000000070150302710202201158","PAY_TYPE":"C","PAYMNT_CURRENCY":"826","PAYMNT_SUB_TYPE":"10","PAYMNT_SENT_DATE":"2021-01-15","TRAN_REF_NO":"100000000701503027","SETTLMNT_DATE":"2021-02-15","SETTLMNT_CYCLE_ID":"002","SUBMITTING_MEMBER":"01000004","RECEIVING_MEMBER":"01000006","BENE_CUST_ACCT_NAME":"The Broker Network Limited","BENE_REFERENCE_INFO":1042503035,"EXCHG_RATE":0.0,"NUMERIC_REFERENCE":0.0,"ORIG_AMOUNT":0.0,"ORIG_CURR":" ","PAYER_ACCT_NAME":"The Broker Network Limited","PAYER_ACCT_ADDRESS":"Devonshire House,4th Floor Mayfair place,London W1J 8AJ","PMT_RETN_CODE":" ","RETN_PMT_ID":" ","PAYER_REFERENCE_INFO":"Duplicates trf","BRAND":"RBS","BENE_CUSTOMER_ID":["1234567890","1234567891","1234567892","1234567893"],"TENANT_ID":"N","BENE_BANKLINE_CUSTOMER_ID":1,"BANKID":"BankId","edi_business_day":"2021-01-21","src_sys_inst_id":"RBS"}" source=" "
2021-02-25 11:31:36,279 ERROR   org.apache.catalina.core.ContainerBase.[Tomcat].[localhost].[/].[dispatcherServlet] - Servlet.service() for servlet [dispatcherServlet] in context with path [] threw exception [Request processing failed; nested exception is java.lang.NullPointerException: Cannot invoke "com.example.Service.ExceptionResponse.setMessage(String)" because "this.response" is null] with root cause
java.lang.NullPointerException: Cannot invoke "com.example.Service.ExceptionResponse.setMessage(String)" because "this.response" is null
	at com.example.Service.MissingAttributeException.<init>(MissingAttributeException.java:19) ~[classes/:?]
	at com.example.Controller.JsonController.postJsonData(JsonController.java:48) ~[classes/:?]
	at jdk.internal.reflect.NativeMethodAccessorImpl.invoke0(Native Method) ~[?:?]
	at jdk.internal.reflect.NativeMethodAccessorImpl.invoke(NativeMethodAccessorImpl.java:64) ~[?:?]
	at jdk.internal.reflect.DelegatingMethodAccessorImpl.invoke(DelegatingMethodAccessorImpl.java:43) ~[?:?]
	at java.lang.reflect.Method.invoke(Method.java:564) ~[?:?]
	at org.springframework.web.method.support.InvocableHandlerMethod.doInvoke(InvocableHandlerMethod.java:197) ~[spring-web-5.3.3.jar:5.3.3]
	at org.springframework.web.method.support.InvocableHandlerMethod.invokeForRequest(InvocableHandlerMethod.java:141) ~[spring-web-5.3.3.jar:5.3.3]
	at org.springframework.web.servlet.mvc.method.annotation.ServletInvocableHandlerMethod.invokeAndHandle(ServletInvocableHandlerMethod.java:106) ~[spring-webmvc-5.3.3.jar:5.3.3]
	at org.springframework.web.servlet.mvc.method.annotation.RequestMappingHandlerAdapter.invokeHandlerMethod(RequestMappingHandlerAdapter.java:894) ~[spring-webmvc-5.3.3.jar:5.3.3]
	at org.springframework.web.servlet.mvc.method.annotation.RequestMappingHandlerAdapter.handleInternal(RequestMappingHandlerAdapter.java:808) ~[spring-webmvc-5.3.3.jar:5.3.3]
	at org.springframework.web.servlet.mvc.method.AbstractHandlerMethodAdapter.handle(AbstractHandlerMethodAdapter.java:87) ~[spring-webmvc-5.3.3.jar:5.3.3]
	at org.springframework.web.servlet.DispatcherServlet.doDispatch(DispatcherServlet.java:1060) ~[spring-webmvc-5.3.3.jar:5.3.3]
	at org.springframework.web.servlet.DispatcherServlet.doService(DispatcherServlet.java:962) ~[spring-webmvc-5.3.3.jar:5.3.3]
	at org.springframework.web.servlet.FrameworkServlet.processRequest(FrameworkServlet.java:1006) ~[spring-webmvc-5.3.3.jar:5.3.3]
	at org.springframework.web.servlet.FrameworkServlet.doPost(FrameworkServlet.java:909) ~[spring-webmvc-5.3.3.jar:5.3.3]
	at javax.servlet.http.HttpServlet.service(HttpServlet.java:652) ~[tomcat-embed-core-9.0.41.jar:4.0.FR]
	at org.springframework.web.servlet.FrameworkServlet.service(FrameworkServlet.java:883) ~[spring-webmvc-5.3.3.jar:5.3.3]
	at javax.servlet.http.HttpServlet.service(HttpServlet.java:733) ~[tomcat-embed-core-9.0.41.jar:4.0.FR]
	at org.apache.catalina.core.ApplicationFilterChain.internalDoFilter(ApplicationFilterChain.java:231) ~[tomcat-embed-core-9.0.41.jar:9.0.41]
	at org.apache.catalina.core.ApplicationFilterChain.doFilter(ApplicationFilterChain.java:166) ~[tomcat-embed-core-9.0.41.jar:9.0.41]
	at org.apache.tomcat.websocket.server.WsFilter.doFilter(WsFilter.java:53) ~[tomcat-embed-websocket-9.0.41.jar:9.0.41]
	at org.apache.catalina.core.ApplicationFilterChain.internalDoFilter(ApplicationFilterChain.java:193) ~[tomcat-embed-core-9.0.41.jar:9.0.41]
	at org.apache.catalina.core.ApplicationFilterChain.doFilter(ApplicationFilterChain.java:166) ~[tomcat-embed-core-9.0.41.jar:9.0.41]
	at org.springframework.web.filter.RequestContextFilter.doFilterInternal(RequestContextFilter.java:100) ~[spring-web-5.3.3.jar:5.3.3]
	at org.springframework.web.filter.OncePerRequestFilter.doFilter(OncePerRequestFilter.java:119) ~[spring-web-5.3.3.jar:5.3.3]
	at org.apache.catalina.core.ApplicationFilterChain.internalDoFilter(ApplicationFilterChain.java:193) ~[tomcat-embed-core-9.0.41.jar:9.0.41]
	at org.apache.catalina.core.ApplicationFilterChain.doFilter(ApplicationFilterChain.java:166) ~[tomcat-embed-core-9.0.41.jar:9.0.41]
	at org.springframework.web.filter.FormContentFilter.doFilterInternal(FormContentFilter.java:93) ~[spring-web-5.3.3.jar:5.3.3]
	at org.springframework.web.filter.OncePerRequestFilter.doFilter(OncePerRequestFilter.java:119) ~[spring-web-5.3.3.jar:5.3.3]
	at org.apache.catalina.core.ApplicationFilterChain.internalDoFilter(ApplicationFilterChain.java:193) ~[tomcat-embed-core-9.0.41.jar:9.0.41]
	at org.apache.catalina.core.ApplicationFilterChain.doFilter(ApplicationFilterChain.java:166) ~[tomcat-embed-core-9.0.41.jar:9.0.41]
	at org.springframework.web.filter.CharacterEncodingFilter.doFilterInternal(CharacterEncodingFilter.java:201) ~[spring-web-5.3.3.jar:5.3.3]
	at org.springframework.web.filter.OncePerRequestFilter.doFilter(OncePerRequestFilter.java:119) ~[spring-web-5.3.3.jar:5.3.3]
	at org.apache.catalina.core.ApplicationFilterChain.internalDoFilter(ApplicationFilterChain.java:193) ~[tomcat-embed-core-9.0.41.jar:9.0.41]
	at org.apache.catalina.core.ApplicationFilterChain.doFilter(ApplicationFilterChain.java:166) ~[tomcat-embed-core-9.0.41.jar:9.0.41]
	at org.apache.catalina.core.StandardWrapperValve.invoke(StandardWrapperValve.java:202) [tomcat-embed-core-9.0.41.jar:9.0.41]
	at org.apache.catalina.core.StandardContextValve.invoke(StandardContextValve.java:97) [tomcat-embed-core-9.0.41.jar:9.0.41]
	at org.apache.catalina.authenticator.AuthenticatorBase.invoke(AuthenticatorBase.java:542) [tomcat-embed-core-9.0.41.jar:9.0.41]
	at org.apache.catalina.core.StandardHostValve.invoke(StandardHostValve.java:143) [tomcat-embed-core-9.0.41.jar:9.0.41]
	at org.apache.catalina.valves.ErrorReportValve.invoke(ErrorReportValve.java:92) [tomcat-embed-core-9.0.41.jar:9.0.41]
	at org.apache.catalina.core.StandardEngineValve.invoke(StandardEngineValve.java:78) [tomcat-embed-core-9.0.41.jar:9.0.41]
	at org.apache.catalina.connector.CoyoteAdapter.service(CoyoteAdapter.java:343) [tomcat-embed-core-9.0.41.jar:9.0.41]
	at org.apache.coyote.http11.Http11Processor.service(Http11Processor.java:374) [tomcat-embed-core-9.0.41.jar:9.0.41]
	at org.apache.coyote.AbstractProcessorLight.process(AbstractProcessorLight.java:65) [tomcat-embed-core-9.0.41.jar:9.0.41]
	at org.apache.coyote.AbstractProtocol$ConnectionHandler.process(AbstractProtocol.java:888) [tomcat-embed-core-9.0.41.jar:9.0.41]
	at org.apache.tomcat.util.net.NioEndpoint$SocketProcessor.doRun(NioEndpoint.java:1597) [tomcat-embed-core-9.0.41.jar:9.0.41]
	at org.apache.tomcat.util.net.SocketProcessorBase.run(SocketProcessorBase.java:49) [tomcat-embed-core-9.0.41.jar:9.0.41]
	at java.util.concurrent.ThreadPoolExecutor.runWorker(ThreadPoolExecutor.java:1130) [?:?]
	at java.util.concurrent.ThreadPoolExecutor$Worker.run(ThreadPoolExecutor.java:630) [?:?]
	at org.apache.tomcat.util.threads.TaskThread$WrappingRunnable.run(TaskThread.java:61) [tomcat-embed-core-9.0.41.jar:9.0.41]
	at java.lang.Thread.run(Thread.java:832) [?:?]
2021-02-25 11:32:05,735 TIVOLI  com.example.utils.LoggerUtil - appId="ARICIPHHANDLER" hostname="LIN79001964" id="{
"PAYMNT_TYPE":"IPH181",
"PAYER_SORT_CODE":"300002",
"PAYER_ACCOUNT_NUMBER":"01992215",
"BENE_SORT_CODE":"151000",
"BENE_ACCOUNT_NUMBER":"22144076",
"PAYER_IBAN":"01992215",
"BENE_IBAN":"22144076",
"SPL_PAYMNT_TYPE":" ",
"PAYMNT_AMOUNT":323773.0,
"PROCESS_CODE":"101010", 
"PMT_ID":"10000000070150302710202201158",
"PAY_TYPE":"C",
"PAYMNT_CURRENCY":"826",
"PAYMNT_SUB_TYPE":"10",
"PAYMNT_SENT_DATE":"2021-01-15",
"TRAN_REF_NO":"100000000701503027",
"SETTLMNT_DATE":"2021-02-15",
"SETTLMNT_CYCLE_ID":"002",
"SUBMITTING_MEMBER":"01000004",
"RECEIVING_MEMBER":"01000006",

"BENE_CUST_ACCT_NAME":"The Broker Network Limited",
"BENE_REFERENCE_INFO":1042503035,
"EXCHG_RATE":0.0,
"NUMERIC_REFERENCE":0.0,
"ORIG_AMOUNT":0.0,
"ORIG_CURR":" ",
"PAYER_ACCT_NAME":"The Broker Network Limited",
"PAYER_ACCT_ADDRESS":"Devonshire House,4th Floor Mayfair place,London W1J 8AJ",
"PMT_RETN_CODE":" ",
"RETN_PMT_ID":" ",
"PAYER_REFERENCE_INFO":"Duplicates trf",
"BRAND":"RBS",
"BENE_CUSTOMER_ID":["1234567890","1234567891","1234567892","1234567893"],
"TENANT_ID":"N",
"BENE_BANKLINE_CUSTOMER_ID":1,
"BANKID":"BankId",
"edi_business_day":"2021-01-21",
"src_sys_inst_id":"RBS"
}

" level="ERROR" msg="{"PAYMNT_TYPE":"IPH181","PAYER_SORT_CODE":"300002","PAYER_ACCOUNT_NUMBER":"01992215","BENE_SORT_CODE":"151000","BENE_ACCOUNT_NUMBER":"22144076","PAYER_IBAN":"01992215","BENE_IBAN":"22144076","SPL_PAYMNT_TYPE":" ","PAYMNT_AMOUNT":323773.0,"PROCESS_CODE":"101010","PMT_ID":"10000000070150302710202201158","PAY_TYPE":"C","PAYMNT_CURRENCY":"826","PAYMNT_SUB_TYPE":"10","PAYMNT_SENT_DATE":"2021-01-15","TRAN_REF_NO":"100000000701503027","SETTLMNT_DATE":"2021-02-15","SETTLMNT_CYCLE_ID":"002","SUBMITTING_MEMBER":"01000004","RECEIVING_MEMBER":"01000006","BENE_CUST_ACCT_NAME":"The Broker Network Limited","BENE_REFERENCE_INFO":1042503035,"EXCHG_RATE":0.0,"NUMERIC_REFERENCE":0.0,"ORIG_AMOUNT":0.0,"ORIG_CURR":" ","PAYER_ACCT_NAME":"The Broker Network Limited","PAYER_ACCT_ADDRESS":"Devonshire House,4th Floor Mayfair place,London W1J 8AJ","PMT_RETN_CODE":" ","RETN_PMT_ID":" ","PAYER_REFERENCE_INFO":"Duplicates trf","BRAND":"RBS","BENE_CUSTOMER_ID":["1234567890","1234567891","1234567892","1234567893"],"TENANT_ID":"N","BENE_BANKLINE_CUSTOMER_ID":1,"BANKID":"BankId","edi_business_day":"2021-01-21","src_sys_inst_id":"RBS"}" source=" "
2021-02-25 11:32:05,736 ERROR   org.apache.catalina.core.ContainerBase.[Tomcat].[localhost].[/].[dispatcherServlet] - Servlet.service() for servlet [dispatcherServlet] in context with path [] threw exception [Request processing failed; nested exception is java.lang.NullPointerException: Cannot invoke "com.example.Service.ExceptionResponse.setMessage(String)" because "this.response" is null] with root cause
java.lang.NullPointerException: Cannot invoke "com.example.Service.ExceptionResponse.setMessage(String)" because "this.response" is null
	at com.example.Service.MissingAttributeException.<init>(MissingAttributeException.java:19) ~[classes/:?]
	at com.example.Controller.JsonController.postJsonData(JsonController.java:48) ~[classes/:?]
	at jdk.internal.reflect.NativeMethodAccessorImpl.invoke0(Native Method) ~[?:?]
	at jdk.internal.reflect.NativeMethodAccessorImpl.invoke(NativeMethodAccessorImpl.java:64) ~[?:?]
	at jdk.internal.reflect.DelegatingMethodAccessorImpl.invoke(DelegatingMethodAccessorImpl.java:43) ~[?:?]
	at java.lang.reflect.Method.invoke(Method.java:564) ~[?:?]
	at org.springframework.web.method.support.InvocableHandlerMethod.doInvoke(InvocableHandlerMethod.java:197) ~[spring-web-5.3.3.jar:5.3.3]
	at org.springframework.web.method.support.InvocableHandlerMethod.invokeForRequest(InvocableHandlerMethod.java:141) ~[spring-web-5.3.3.jar:5.3.3]
	at org.springframework.web.servlet.mvc.method.annotation.ServletInvocableHandlerMethod.invokeAndHandle(ServletInvocableHandlerMethod.java:106) ~[spring-webmvc-5.3.3.jar:5.3.3]
	at org.springframework.web.servlet.mvc.method.annotation.RequestMappingHandlerAdapter.invokeHandlerMethod(RequestMappingHandlerAdapter.java:894) ~[spring-webmvc-5.3.3.jar:5.3.3]
	at org.springframework.web.servlet.mvc.method.annotation.RequestMappingHandlerAdapter.handleInternal(RequestMappingHandlerAdapter.java:808) ~[spring-webmvc-5.3.3.jar:5.3.3]
	at org.springframework.web.servlet.mvc.method.AbstractHandlerMethodAdapter.handle(AbstractHandlerMethodAdapter.java:87) ~[spring-webmvc-5.3.3.jar:5.3.3]
	at org.springframework.web.servlet.DispatcherServlet.doDispatch(DispatcherServlet.java:1060) ~[spring-webmvc-5.3.3.jar:5.3.3]
	at org.springframework.web.servlet.DispatcherServlet.doService(DispatcherServlet.java:962) ~[spring-webmvc-5.3.3.jar:5.3.3]
	at org.springframework.web.servlet.FrameworkServlet.processRequest(FrameworkServlet.java:1006) ~[spring-webmvc-5.3.3.jar:5.3.3]
	at org.springframework.web.servlet.FrameworkServlet.doPost(FrameworkServlet.java:909) ~[spring-webmvc-5.3.3.jar:5.3.3]
	at javax.servlet.http.HttpServlet.service(HttpServlet.java:652) ~[tomcat-embed-core-9.0.41.jar:4.0.FR]
	at org.springframework.web.servlet.FrameworkServlet.service(FrameworkServlet.java:883) ~[spring-webmvc-5.3.3.jar:5.3.3]
	at javax.servlet.http.HttpServlet.service(HttpServlet.java:733) ~[tomcat-embed-core-9.0.41.jar:4.0.FR]
	at org.apache.catalina.core.ApplicationFilterChain.internalDoFilter(ApplicationFilterChain.java:231) ~[tomcat-embed-core-9.0.41.jar:9.0.41]
	at org.apache.catalina.core.ApplicationFilterChain.doFilter(ApplicationFilterChain.java:166) ~[tomcat-embed-core-9.0.41.jar:9.0.41]
	at org.apache.tomcat.websocket.server.WsFilter.doFilter(WsFilter.java:53) ~[tomcat-embed-websocket-9.0.41.jar:9.0.41]
	at org.apache.catalina.core.ApplicationFilterChain.internalDoFilter(ApplicationFilterChain.java:193) ~[tomcat-embed-core-9.0.41.jar:9.0.41]
	at org.apache.catalina.core.ApplicationFilterChain.doFilter(ApplicationFilterChain.java:166) ~[tomcat-embed-core-9.0.41.jar:9.0.41]
	at org.springframework.web.filter.RequestContextFilter.doFilterInternal(RequestContextFilter.java:100) ~[spring-web-5.3.3.jar:5.3.3]
	at org.springframework.web.filter.OncePerRequestFilter.doFilter(OncePerRequestFilter.java:119) ~[spring-web-5.3.3.jar:5.3.3]
	at org.apache.catalina.core.ApplicationFilterChain.internalDoFilter(ApplicationFilterChain.java:193) ~[tomcat-embed-core-9.0.41.jar:9.0.41]
	at org.apache.catalina.core.ApplicationFilterChain.doFilter(ApplicationFilterChain.java:166) ~[tomcat-embed-core-9.0.41.jar:9.0.41]
	at org.springframework.web.filter.FormContentFilter.doFilterInternal(FormContentFilter.java:93) ~[spring-web-5.3.3.jar:5.3.3]
	at org.springframework.web.filter.OncePerRequestFilter.doFilter(OncePerRequestFilter.java:119) ~[spring-web-5.3.3.jar:5.3.3]
	at org.apache.catalina.core.ApplicationFilterChain.internalDoFilter(ApplicationFilterChain.java:193) ~[tomcat-embed-core-9.0.41.jar:9.0.41]
	at org.apache.catalina.core.ApplicationFilterChain.doFilter(ApplicationFilterChain.java:166) ~[tomcat-embed-core-9.0.41.jar:9.0.41]
	at org.springframework.web.filter.CharacterEncodingFilter.doFilterInternal(CharacterEncodingFilter.java:201) ~[spring-web-5.3.3.jar:5.3.3]
	at org.springframework.web.filter.OncePerRequestFilter.doFilter(OncePerRequestFilter.java:119) ~[spring-web-5.3.3.jar:5.3.3]
	at org.apache.catalina.core.ApplicationFilterChain.internalDoFilter(ApplicationFilterChain.java:193) ~[tomcat-embed-core-9.0.41.jar:9.0.41]
	at org.apache.catalina.core.ApplicationFilterChain.doFilter(ApplicationFilterChain.java:166) ~[tomcat-embed-core-9.0.41.jar:9.0.41]
	at org.apache.catalina.core.StandardWrapperValve.invoke(StandardWrapperValve.java:202) [tomcat-embed-core-9.0.41.jar:9.0.41]
	at org.apache.catalina.core.StandardContextValve.invoke(StandardContextValve.java:97) [tomcat-embed-core-9.0.41.jar:9.0.41]
	at org.apache.catalina.authenticator.AuthenticatorBase.invoke(AuthenticatorBase.java:542) [tomcat-embed-core-9.0.41.jar:9.0.41]
	at org.apache.catalina.core.StandardHostValve.invoke(StandardHostValve.java:143) [tomcat-embed-core-9.0.41.jar:9.0.41]
	at org.apache.catalina.valves.ErrorReportValve.invoke(ErrorReportValve.java:92) [tomcat-embed-core-9.0.41.jar:9.0.41]
	at org.apache.catalina.core.StandardEngineValve.invoke(StandardEngineValve.java:78) [tomcat-embed-core-9.0.41.jar:9.0.41]
	at org.apache.catalina.connector.CoyoteAdapter.service(CoyoteAdapter.java:343) [tomcat-embed-core-9.0.41.jar:9.0.41]
	at org.apache.coyote.http11.Http11Processor.service(Http11Processor.java:374) [tomcat-embed-core-9.0.41.jar:9.0.41]
	at org.apache.coyote.AbstractProcessorLight.process(AbstractProcessorLight.java:65) [tomcat-embed-core-9.0.41.jar:9.0.41]
	at org.apache.coyote.AbstractProtocol$ConnectionHandler.process(AbstractProtocol.java:888) [tomcat-embed-core-9.0.41.jar:9.0.41]
	at org.apache.tomcat.util.net.NioEndpoint$SocketProcessor.doRun(NioEndpoint.java:1597) [tomcat-embed-core-9.0.41.jar:9.0.41]
	at org.apache.tomcat.util.net.SocketProcessorBase.run(SocketProcessorBase.java:49) [tomcat-embed-core-9.0.41.jar:9.0.41]
	at java.util.concurrent.ThreadPoolExecutor.runWorker(ThreadPoolExecutor.java:1130) [?:?]
	at java.util.concurrent.ThreadPoolExecutor$Worker.run(ThreadPoolExecutor.java:630) [?:?]
	at org.apache.tomcat.util.threads.TaskThread$WrappingRunnable.run(TaskThread.java:61) [tomcat-embed-core-9.0.41.jar:9.0.41]
	at java.lang.Thread.run(Thread.java:832) [?:?]
2021-02-25 11:32:43,562 TIVOLI  com.example.utils.LoggerUtil - appId="ARICIPHHANDLER" hostname="LIN79001964" id="{
"PAYMNT_TYPE":"IPH181",
"PAYER_SORT_CODE":"300002",
"PAYER_ACCOUNT_NUMBER":"01992215",
"BENE_SORT_CODE":"151000",
"BENE_ACCOUNT_NUMBER":"22144076",
"PAYER_IBAN":"01992215",
"BENE_IBAN":"22144076",
"SPL_PAYMNT_TYPE":" ",
"PAYMNT_AMOUNT":323773.0,
"PROCESS_CODE":"101010", 
"PMT_ID":"10000000070150302710202201158",
"PAY_TYPE":"C",
"PAYMNT_CURRENCY":"826",
"PAYMNT_SUB_TYPE":"10",
"PAYMNT_SENT_DATE":"2021-01-15",
"TRAN_REF_NO":"100000000701503027",
"SETTLMNT_DATE":"2021-02-15",
"SETTLMNT_CYCLE_ID":"002",
"SUBMITTING_MEMBER":"01000004",
"RECEIVING_MEMBER":"01000006",

"BENE_CUST_ACCT_NAME":"The Broker Network Limited",
"BENE_REFERENCE_INFO":1042503035,
"EXCHG_RATE":0.0,
"NUMERIC_REFERENCE":0.0,
"ORIG_AMOUNT":0.0,
"ORIG_CURR":" ",
"PAYER_ACCT_NAME":"The Broker Network Limited",
"PAYER_ACCT_ADDRESS":"Devonshire House,4th Floor Mayfair place,London W1J 8AJ",
"PMT_RETN_CODE":" ",
"RETN_PMT_ID":" ",
"PAYER_REFERENCE_INFO":"Duplicates trf",
"BRAND":"RBS",
"BENE_CUSTOMER_ID":["1234567890","1234567891","1234567892","1234567893"],
"TENANT_ID":"N",
"BENE_BANKLINE_CUSTOMER_ID":1,
"BANKID":"BankId",
"edi_business_day":"2021-01-21",
"src_sys_inst_id":"RBS"
}

" level="ERROR" msg="{"PAYMNT_TYPE":"IPH181","PAYER_SORT_CODE":"300002","PAYER_ACCOUNT_NUMBER":"01992215","BENE_SORT_CODE":"151000","BENE_ACCOUNT_NUMBER":"22144076","PAYER_IBAN":"01992215","BENE_IBAN":"22144076","SPL_PAYMNT_TYPE":" ","PAYMNT_AMOUNT":323773.0,"PROCESS_CODE":"101010","PMT_ID":"10000000070150302710202201158","PAY_TYPE":"C","PAYMNT_CURRENCY":"826","PAYMNT_SUB_TYPE":"10","PAYMNT_SENT_DATE":"2021-01-15","TRAN_REF_NO":"100000000701503027","SETTLMNT_DATE":"2021-02-15","SETTLMNT_CYCLE_ID":"002","SUBMITTING_MEMBER":"01000004","RECEIVING_MEMBER":"01000006","BENE_CUST_ACCT_NAME":"The Broker Network Limited","BENE_REFERENCE_INFO":1042503035,"EXCHG_RATE":0.0,"NUMERIC_REFERENCE":0.0,"ORIG_AMOUNT":0.0,"ORIG_CURR":" ","PAYER_ACCT_NAME":"The Broker Network Limited","PAYER_ACCT_ADDRESS":"Devonshire House,4th Floor Mayfair place,London W1J 8AJ","PMT_RETN_CODE":" ","RETN_PMT_ID":" ","PAYER_REFERENCE_INFO":"Duplicates trf","BRAND":"RBS","BENE_CUSTOMER_ID":["1234567890","1234567891","1234567892","1234567893"],"TENANT_ID":"N","BENE_BANKLINE_CUSTOMER_ID":1,"BANKID":"BankId","edi_business_day":"2021-01-21","src_sys_inst_id":"RBS"}" source=" "
2021-02-25 11:32:43,562 ERROR   org.apache.catalina.core.ContainerBase.[Tomcat].[localhost].[/].[dispatcherServlet] - Servlet.service() for servlet [dispatcherServlet] in context with path [] threw exception [Request processing failed; nested exception is java.lang.NullPointerException: Cannot invoke "com.example.Service.ExceptionResponse.setMessage(String)" because "this.response" is null] with root cause
java.lang.NullPointerException: Cannot invoke "com.example.Service.ExceptionResponse.setMessage(String)" because "this.response" is null
	at com.example.Service.MissingAttributeException.<init>(MissingAttributeException.java:19) ~[classes/:?]
	at com.example.Controller.JsonController.postJsonData(JsonController.java:48) ~[classes/:?]
	at jdk.internal.reflect.NativeMethodAccessorImpl.invoke0(Native Method) ~[?:?]
	at jdk.internal.reflect.NativeMethodAccessorImpl.invoke(NativeMethodAccessorImpl.java:64) ~[?:?]
	at jdk.internal.reflect.DelegatingMethodAccessorImpl.invoke(DelegatingMethodAccessorImpl.java:43) ~[?:?]
	at java.lang.reflect.Method.invoke(Method.java:564) ~[?:?]
	at org.springframework.web.method.support.InvocableHandlerMethod.doInvoke(InvocableHandlerMethod.java:197) ~[spring-web-5.3.3.jar:5.3.3]
	at org.springframework.web.method.support.InvocableHandlerMethod.invokeForRequest(InvocableHandlerMethod.java:141) ~[spring-web-5.3.3.jar:5.3.3]
	at org.springframework.web.servlet.mvc.method.annotation.ServletInvocableHandlerMethod.invokeAndHandle(ServletInvocableHandlerMethod.java:106) ~[spring-webmvc-5.3.3.jar:5.3.3]
	at org.springframework.web.servlet.mvc.method.annotation.RequestMappingHandlerAdapter.invokeHandlerMethod(RequestMappingHandlerAdapter.java:894) ~[spring-webmvc-5.3.3.jar:5.3.3]
	at org.springframework.web.servlet.mvc.method.annotation.RequestMappingHandlerAdapter.handleInternal(RequestMappingHandlerAdapter.java:808) ~[spring-webmvc-5.3.3.jar:5.3.3]
	at org.springframework.web.servlet.mvc.method.AbstractHandlerMethodAdapter.handle(AbstractHandlerMethodAdapter.java:87) ~[spring-webmvc-5.3.3.jar:5.3.3]
	at org.springframework.web.servlet.DispatcherServlet.doDispatch(DispatcherServlet.java:1060) ~[spring-webmvc-5.3.3.jar:5.3.3]
	at org.springframework.web.servlet.DispatcherServlet.doService(DispatcherServlet.java:962) ~[spring-webmvc-5.3.3.jar:5.3.3]
	at org.springframework.web.servlet.FrameworkServlet.processRequest(FrameworkServlet.java:1006) ~[spring-webmvc-5.3.3.jar:5.3.3]
	at org.springframework.web.servlet.FrameworkServlet.doPost(FrameworkServlet.java:909) ~[spring-webmvc-5.3.3.jar:5.3.3]
	at javax.servlet.http.HttpServlet.service(HttpServlet.java:652) ~[tomcat-embed-core-9.0.41.jar:4.0.FR]
	at org.springframework.web.servlet.FrameworkServlet.service(FrameworkServlet.java:883) ~[spring-webmvc-5.3.3.jar:5.3.3]
	at javax.servlet.http.HttpServlet.service(HttpServlet.java:733) ~[tomcat-embed-core-9.0.41.jar:4.0.FR]
	at org.apache.catalina.core.ApplicationFilterChain.internalDoFilter(ApplicationFilterChain.java:231) ~[tomcat-embed-core-9.0.41.jar:9.0.41]
	at org.apache.catalina.core.ApplicationFilterChain.doFilter(ApplicationFilterChain.java:166) ~[tomcat-embed-core-9.0.41.jar:9.0.41]
	at org.apache.tomcat.websocket.server.WsFilter.doFilter(WsFilter.java:53) ~[tomcat-embed-websocket-9.0.41.jar:9.0.41]
	at org.apache.catalina.core.ApplicationFilterChain.internalDoFilter(ApplicationFilterChain.java:193) ~[tomcat-embed-core-9.0.41.jar:9.0.41]
	at org.apache.catalina.core.ApplicationFilterChain.doFilter(ApplicationFilterChain.java:166) ~[tomcat-embed-core-9.0.41.jar:9.0.41]
	at org.springframework.web.filter.RequestContextFilter.doFilterInternal(RequestContextFilter.java:100) ~[spring-web-5.3.3.jar:5.3.3]
	at org.springframework.web.filter.OncePerRequestFilter.doFilter(OncePerRequestFilter.java:119) ~[spring-web-5.3.3.jar:5.3.3]
	at org.apache.catalina.core.ApplicationFilterChain.internalDoFilter(ApplicationFilterChain.java:193) ~[tomcat-embed-core-9.0.41.jar:9.0.41]
	at org.apache.catalina.core.ApplicationFilterChain.doFilter(ApplicationFilterChain.java:166) ~[tomcat-embed-core-9.0.41.jar:9.0.41]
	at org.springframework.web.filter.FormContentFilter.doFilterInternal(FormContentFilter.java:93) ~[spring-web-5.3.3.jar:5.3.3]
	at org.springframework.web.filter.OncePerRequestFilter.doFilter(OncePerRequestFilter.java:119) ~[spring-web-5.3.3.jar:5.3.3]
	at org.apache.catalina.core.ApplicationFilterChain.internalDoFilter(ApplicationFilterChain.java:193) ~[tomcat-embed-core-9.0.41.jar:9.0.41]
	at org.apache.catalina.core.ApplicationFilterChain.doFilter(ApplicationFilterChain.java:166) ~[tomcat-embed-core-9.0.41.jar:9.0.41]
	at org.springframework.web.filter.CharacterEncodingFilter.doFilterInternal(CharacterEncodingFilter.java:201) ~[spring-web-5.3.3.jar:5.3.3]
	at org.springframework.web.filter.OncePerRequestFilter.doFilter(OncePerRequestFilter.java:119) ~[spring-web-5.3.3.jar:5.3.3]
	at org.apache.catalina.core.ApplicationFilterChain.internalDoFilter(ApplicationFilterChain.java:193) ~[tomcat-embed-core-9.0.41.jar:9.0.41]
	at org.apache.catalina.core.ApplicationFilterChain.doFilter(ApplicationFilterChain.java:166) ~[tomcat-embed-core-9.0.41.jar:9.0.41]
	at org.apache.catalina.core.StandardWrapperValve.invoke(StandardWrapperValve.java:202) [tomcat-embed-core-9.0.41.jar:9.0.41]
	at org.apache.catalina.core.StandardContextValve.invoke(StandardContextValve.java:97) [tomcat-embed-core-9.0.41.jar:9.0.41]
	at org.apache.catalina.authenticator.AuthenticatorBase.invoke(AuthenticatorBase.java:542) [tomcat-embed-core-9.0.41.jar:9.0.41]
	at org.apache.catalina.core.StandardHostValve.invoke(StandardHostValve.java:143) [tomcat-embed-core-9.0.41.jar:9.0.41]
	at org.apache.catalina.valves.ErrorReportValve.invoke(ErrorReportValve.java:92) [tomcat-embed-core-9.0.41.jar:9.0.41]
	at org.apache.catalina.core.StandardEngineValve.invoke(StandardEngineValve.java:78) [tomcat-embed-core-9.0.41.jar:9.0.41]
	at org.apache.catalina.connector.CoyoteAdapter.service(CoyoteAdapter.java:343) [tomcat-embed-core-9.0.41.jar:9.0.41]
	at org.apache.coyote.http11.Http11Processor.service(Http11Processor.java:374) [tomcat-embed-core-9.0.41.jar:9.0.41]
	at org.apache.coyote.AbstractProcessorLight.process(AbstractProcessorLight.java:65) [tomcat-embed-core-9.0.41.jar:9.0.41]
	at org.apache.coyote.AbstractProtocol$ConnectionHandler.process(AbstractProtocol.java:888) [tomcat-embed-core-9.0.41.jar:9.0.41]
	at org.apache.tomcat.util.net.NioEndpoint$SocketProcessor.doRun(NioEndpoint.java:1597) [tomcat-embed-core-9.0.41.jar:9.0.41]
	at org.apache.tomcat.util.net.SocketProcessorBase.run(SocketProcessorBase.java:49) [tomcat-embed-core-9.0.41.jar:9.0.41]
	at java.util.concurrent.ThreadPoolExecutor.runWorker(ThreadPoolExecutor.java:1130) [?:?]
	at java.util.concurrent.ThreadPoolExecutor$Worker.run(ThreadPoolExecutor.java:630) [?:?]
	at org.apache.tomcat.util.threads.TaskThread$WrappingRunnable.run(TaskThread.java:61) [tomcat-embed-core-9.0.41.jar:9.0.41]
	at java.lang.Thread.run(Thread.java:832) [?:?]
2021-02-25 11:32:49,073 TIVOLI  com.example.utils.LoggerUtil - appId="ARICIPHHANDLER" hostname="LIN79001964" id="{
"PAYMNT_TYPE":"IPH181",
"PAYER_SORT_CODE":"300002",
"PAYER_ACCOUNT_NUMBER":"01992215",
"BENE_SORT_CODE":"151000",
"BENE_ACCOUNT_NUMBER":"22144076",
"PAYER_IBAN":"01992215",
"BENE_IBAN":"22144076",
"SPL_PAYMNT_TYPE":" ",
"PAYMNT_AMOUNT":323773.0,
"PROCESS_CODE":"101010", 
"PMT_ID":"10000000070150302710202201158",
"PAY_TYPE":"C",
"PAYMNT_CURRENCY":"826",
"PAYMNT_SUB_TYPE":"10",
"PAYMNT_SENT_DATE":"2021-01-15",
"TRAN_REF_NO":"100000000701503027",
"SETTLMNT_DATE":"2021-02-15",
"SETTLMNT_CYCLE_ID":"002",
"SUBMITTING_MEMBER":"01000004",
"RECEIVING_MEMBER":"01000006",
"PAYMNT_TIMESTMP":"2021-01-15-16.51.28.806109",
"BENE_CUST_ACCT_NAME":"The Broker Network Limited",
"BENE_REFERENCE_INFO":1042503035,
"EXCHG_RATE":0.0,
"NUMERIC_REFERENCE":0.0,
"ORIG_AMOUNT":0.0,
"ORIG_CURR":" ",
"PAYER_ACCT_NAME":"The Broker Network Limited",
"PAYER_ACCT_ADDRESS":"Devonshire House,4th Floor Mayfair place,London W1J 8AJ",
"PMT_RETN_CODE":" ",
"RETN_PMT_ID":" ",
"PAYER_REFERENCE_INFO":"Duplicates trf",
"BRAND":"RBS",
"BENE_CUSTOMER_ID":["1234567890","1234567891","1234567892","1234567893"],
"TENANT_ID":"N",
"BENE_BANKLINE_CUSTOMER_ID":1,
"BANKID":"BankId",
"edi_business_day":"2021-01-21",
"src_sys_inst_id":"RBS"
}

" level="ERROR" msg="{"PAYMNT_TYPE":"IPH181","PAYER_SORT_CODE":"300002","PAYER_ACCOUNT_NUMBER":"01992215","BENE_SORT_CODE":"151000","BENE_ACCOUNT_NUMBER":"22144076","PAYER_IBAN":"01992215","BENE_IBAN":"22144076","SPL_PAYMNT_TYPE":" ","PAYMNT_AMOUNT":323773.0,"PROCESS_CODE":"101010","PMT_ID":"10000000070150302710202201158","PAY_TYPE":"C","PAYMNT_CURRENCY":"826","PAYMNT_SUB_TYPE":"10","PAYMNT_SENT_DATE":"2021-01-15","TRAN_REF_NO":"100000000701503027","SETTLMNT_DATE":"2021-02-15","SETTLMNT_CYCLE_ID":"002","SUBMITTING_MEMBER":"01000004","RECEIVING_MEMBER":"01000006","PAYMNT_TIMESTMP":"2021-01-15-16.51.28.806109","BENE_CUST_ACCT_NAME":"The Broker Network Limited","BENE_REFERENCE_INFO":1042503035,"EXCHG_RATE":0.0,"NUMERIC_REFERENCE":0.0,"ORIG_AMOUNT":0.0,"ORIG_CURR":" ","PAYER_ACCT_NAME":"The Broker Network Limited","PAYER_ACCT_ADDRESS":"Devonshire House,4th Floor Mayfair place,London W1J 8AJ","PMT_RETN_CODE":" ","RETN_PMT_ID":" ","PAYER_REFERENCE_INFO":"Duplicates trf","BRAND":"RBS","BENE_CUSTOMER_ID":["1234567890","1234567891","1234567892","1234567893"],"TENANT_ID":"N","BENE_BANKLINE_CUSTOMER_ID":1,"BANKID":"BankId","edi_business_day":"2021-01-21","src_sys_inst_id":"RBS"}" source=" "
2021-02-25 11:33:06,875 ERROR   org.springframework.boot.diagnostics.LoggingFailureAnalysisReporter - 

***************************
APPLICATION FAILED TO START
***************************

Description:

Web server failed to start. Port 8080 was already in use.

Action:

Identify and stop the process that's listening on port 8080 or configure this application to listen on another port.

2021-02-25 11:33:31,384 ERROR   org.springframework.boot.diagnostics.LoggingFailureAnalysisReporter - 

***************************
APPLICATION FAILED TO START
***************************

Description:

Web server failed to start. Port 8080 was already in use.

Action:

Identify and stop the process that's listening on port 8080 or configure this application to listen on another port.

2021-02-25 11:35:04,058 ERROR   org.springframework.boot.diagnostics.LoggingFailureAnalysisReporter - 

***************************
APPLICATION FAILED TO START
***************************

Description:

Web server failed to start. Port 8080 was already in use.

Action:

Identify and stop the process that's listening on port 8080 or configure this application to listen on another port.

2021-02-25 11:35:48,702 ERROR   org.springframework.boot.diagnostics.LoggingFailureAnalysisReporter - 

***************************
APPLICATION FAILED TO START
***************************

Description:

Web server failed to start. Port 8080 was already in use.

Action:

Identify and stop the process that's listening on port 8080 or configure this application to listen on another port.

2021-02-25 11:38:20,176 ERROR   org.springframework.boot.diagnostics.LoggingFailureAnalysisReporter - 

***************************
APPLICATION FAILED TO START
***************************

Description:

Web server failed to start. Port 8080 was already in use.

Action:

Identify and stop the process that's listening on port 8080 or configure this application to listen on another port.

2021-02-25 11:38:43,807 ERROR   org.springframework.boot.diagnostics.LoggingFailureAnalysisReporter - 

***************************
APPLICATION FAILED TO START
***************************

Description:

Web server failed to start. Port 8080 was already in use.

Action:

Identify and stop the process that's listening on port 8080 or configure this application to listen on another port.

2021-02-25 11:39:03,363 ERROR   org.springframework.boot.diagnostics.LoggingFailureAnalysisReporter - 

***************************
APPLICATION FAILED TO START
***************************

Description:

Web server failed to start. Port 8080 was already in use.

Action:

Identify and stop the process that's listening on port 8080 or configure this application to listen on another port.

2021-02-25 11:41:12,529 ERROR   org.springframework.boot.diagnostics.LoggingFailureAnalysisReporter - 

***************************
APPLICATION FAILED TO START
***************************

Description:

Web server failed to start. Port 8080 was already in use.

Action:

Identify and stop the process that's listening on port 8080 or configure this application to listen on another port.

2021-02-25 11:45:24,231 ERROR   org.springframework.boot.diagnostics.LoggingFailureAnalysisReporter - 

***************************
APPLICATION FAILED TO START
***************************

Description:

Web server failed to start. Port 8080 was already in use.

Action:

Identify and stop the process that's listening on port 8080 or configure this application to listen on another port.

2021-02-25 11:47:11,213 ERROR   org.springframework.boot.diagnostics.LoggingFailureAnalysisReporter - 

***************************
APPLICATION FAILED TO START
***************************

Description:

Web server failed to start. Port 8080 was already in use.

Action:

Identify and stop the process that's listening on port 8080 or configure this application to listen on another port.

2021-02-25 11:51:59,244 ERROR   org.springframework.boot.diagnostics.LoggingFailureAnalysisReporter - 

***************************
APPLICATION FAILED TO START
***************************

Description:

Web server failed to start. Port 8080 was already in use.

Action:

Identify and stop the process that's listening on port 8080 or configure this application to listen on another port.

